This file contains any messages produced by compilers while
running configure, to aid debugging if configure makes a mistake.

It was created by libenet configure 1.3.3, which was
generated by GNU Autoconf 2.67.  Invocation command line was

  $ ./configure

## --------- ##
## Platform. ##
## --------- ##

hostname = CrabApple.local
uname -m = x86_64
uname -r = 10.8.0
uname -s = Darwin
uname -v = Darwin Kernel Version 10.8.0: Tue Jun  7 16:32:41 PDT 2011; root:xnu-1504.15.3~1/RELEASE_X86_64

/usr/bin/uname -p = i386
/bin/uname -X     = unknown

/bin/arch              = unknown
/usr/bin/arch -k       = unknown
/usr/convex/getsysinfo = unknown
/usr/bin/hostinfo      = Mach kernel version:
	 Darwin Kernel Version 10.8.0: Tue Jun  7 16:32:41 PDT 2011; root:xnu-1504.15.3~1/RELEASE_X86_64
Kernel configured for up to 8 processors.
4 processors are physically available.
8 processors are logically available.
Processor type: i486 (Intel 80486)
Processors active: 0 1 2 3 4 5 6 7
Primary memory available: 8.00 gigabytes
Default processor set: 56 tasks, 312 threads, 8 processors
Load average: 1.12, Mach factor: 6.86
/bin/machine           = unknown
/usr/bin/oslevel       = unknown
/bin/universe          = unknown

PATH: /Users/mjard/.local/bin
PATH: /opt/local/bin
PATH: /opt/local/sbin
PATH: /usr/bin
PATH: /bin
PATH: /usr/sbin
PATH: /sbin
PATH: /usr/local/bin
PATH: /usr/X11/bin


## ----------- ##
## Core tests. ##
## ----------- ##

configure:2366: checking for a BSD-compatible install
configure:2434: result: /usr/bin/install -c
configure:2445: checking whether build environment is sane
configure:2495: result: yes
configure:2636: checking for a thread-safe mkdir -p
configure:2675: result: ./install-sh -c -d
configure:2688: checking for gawk
configure:2718: result: no
configure:2688: checking for mawk
configure:2718: result: no
configure:2688: checking for nawk
configure:2718: result: no
configure:2688: checking for awk
configure:2704: found /usr/bin/awk
configure:2715: result: awk
configure:2726: checking whether make sets $(MAKE)
configure:2748: result: yes
configure:2879: checking for gcc
configure:2895: found /usr/bin/gcc
configure:2906: result: gcc
configure:3135: checking for C compiler version
configure:3144: gcc --version >&5
i686-apple-darwin10-gcc-4.2.1 (GCC) 4.2.1 (Apple Inc. build 5666) (dot 3)
Copyright (C) 2007 Free Software Foundation, Inc.
This is free software; see the source for copying conditions.  There is NO
warranty; not even for MERCHANTABILITY or FITNESS FOR A PARTICULAR PURPOSE.

configure:3155: $? = 0
configure:3144: gcc -v >&5
Using built-in specs.
Target: i686-apple-darwin10
Configured with: /var/tmp/gcc/gcc-5666.3~123/src/configure --disable-checking --enable-werror --prefix=/usr --mandir=/share/man --enable-languages=c,objc,c++,obj-c++ --program-transform-name=/^[cg][^.-]*$/s/$/-4.2/ --with-slibdir=/usr/lib --build=i686-apple-darwin10 --program-prefix=i686-apple-darwin10- --host=x86_64-apple-darwin10 --target=i686-apple-darwin10 --with-gxx-include-dir=/include/c++/4.2.1
Thread model: posix
gcc version 4.2.1 (Apple Inc. build 5666) (dot 3)
configure:3155: $? = 0
configure:3144: gcc -V >&5
gcc-4.2: argument to `-V' is missing
configure:3155: $? = 1
configure:3144: gcc -qversion >&5
i686-apple-darwin10-gcc-4.2.1: no input files
configure:3155: $? = 1
configure:3175: checking whether the C compiler works
configure:3197: gcc    conftest.c  >&5
configure:3201: $? = 0
configure:3249: result: yes
configure:3252: checking for C compiler default output file name
configure:3254: result: a.out
configure:3260: checking for suffix of executables
configure:3267: gcc -o conftest    conftest.c  >&5
configure:3271: $? = 0
configure:3293: result:
configure:3315: checking whether we are cross compiling
configure:3323: gcc -o conftest    conftest.c  >&5
configure:3327: $? = 0
configure:3334: ./conftest
configure:3338: $? = 0
configure:3353: result: no
configure:3358: checking for suffix of object files
configure:3380: gcc -c   conftest.c >&5
configure:3384: $? = 0
configure:3405: result: o
configure:3409: checking whether we are using the GNU C compiler
configure:3428: gcc -c   conftest.c >&5
configure:3428: $? = 0
configure:3437: result: yes
configure:3446: checking whether gcc accepts -g
configure:3466: gcc -c -g  conftest.c >&5
configure:3466: $? = 0
configure:3507: result: yes
configure:3524: checking for gcc option to accept ISO C89
configure:3588: gcc  -c -g -O2  conftest.c >&5
configure:3588: $? = 0
configure:3601: result: none needed
configure:3632: checking for style of include used by make
configure:3660: result: GNU
configure:3685: checking dependency style of gcc
configure:3795: result: gcc3
configure:3839: checking build system type
configure:3853: result: x86_64-apple-darwin10.8.0
configure:3873: checking host system type
configure:3886: result: x86_64-apple-darwin10.8.0
configure:3906: checking for a sed that does not truncate output
configure:3970: result: /usr/bin/sed
configure:3988: checking for grep that handles long lines and -e
configure:4046: result: /usr/bin/grep
configure:4051: checking for egrep
configure:4113: result: /usr/bin/grep -E
configure:4118: checking for fgrep
configure:4180: result: /usr/bin/grep -F
configure:4215: checking for ld used by gcc
configure:4282: result: /usr/libexec/gcc/i686-apple-darwin10/4.2.1/ld
configure:4289: checking if the linker (/usr/libexec/gcc/i686-apple-darwin10/4.2.1/ld) is GNU ld
configure:4304: result: no
configure:4316: checking for BSD- or MS-compatible name lister (nm)
configure:4365: result: /usr/bin/nm
configure:4483: checking the name lister (/usr/bin/nm) interface
configure:4490: gcc -c -g -O2  conftest.c >&5
configure:4493: /usr/bin/nm "conftest.o"
configure:4496: output
0000000000000190 D _some_variable
configure:4503: result: BSD nm
configure:4506: checking whether ln -s works
configure:4510: result: yes
configure:4518: checking the maximum length of command line arguments
configure:4638: result: 196608
configure:4655: checking whether the shell understands some XSI constructs
configure:4665: result: yes
configure:4669: checking whether the shell understands "+="
configure:4675: result: yes
configure:4710: checking for /usr/libexec/gcc/i686-apple-darwin10/4.2.1/ld option to reload object files
configure:4717: result: -r
configure:4786: checking for objdump
configure:4816: result: no
configure:4845: checking how to recognize dependent libraries
configure:5041: result: pass_all
configure:5101: checking for ar
configure:5117: found /usr/bin/ar
configure:5128: result: ar
configure:5206: checking for strip
configure:5222: found /usr/bin/strip
configure:5233: result: strip
configure:5305: checking for ranlib
configure:5321: found /usr/bin/ranlib
configure:5332: result: ranlib
configure:5422: checking command to parse /usr/bin/nm output from gcc object
configure:5540: gcc -c -g -O2  conftest.c >&5
configure:5543: $? = 0
configure:5547: /usr/bin/nm conftest.o \| sed -n -e 's/^.*[	 ]\([BCDEGRST][BCDEGRST]*\)[	 ][	 ]*\([_A-Za-z][_A-Za-z0-9]*\)$/\1 \2 \2/p' \> conftest.nm
configure:5550: $? = 0
cannot find nm_test_var in conftest.nm
configure:5540: gcc -c -g -O2  conftest.c >&5
configure:5543: $? = 0
configure:5547: /usr/bin/nm conftest.o \| sed -n -e 's/^.*[	 ]\([BCDEGRST][BCDEGRST]*\)[	 ][	 ]*_\([_A-Za-z][_A-Za-z0-9]*\)$/\1 _\2 \2/p' \> conftest.nm
configure:5550: $? = 0
configure:5604: gcc -o conftest -g -O2   conftest.c conftstm.o >&5
configure:5607: $? = 0
configure:5645: result: ok
configure:5910: checking for dsymutil
configure:5926: found /usr/bin/dsymutil
configure:5937: result: dsymutil
configure:6002: checking for nmedit
configure:6018: found /usr/bin/nmedit
configure:6029: result: nmedit
configure:6094: checking for lipo
configure:6110: found /usr/bin/lipo
configure:6121: result: lipo
configure:6186: checking for otool
configure:6202: found /usr/bin/otool
configure:6213: result: otool
configure:6278: checking for otool64
configure:6308: result: no
configure:6353: checking for -single_module linker flag
gcc -g -O2  -o libconftest.dylib -dynamiclib -Wl,-single_module conftest.c
configure:6380: result: yes
configure:6382: checking for -exported_symbols_list linker flag
configure:6402: gcc -o conftest -g -O2   -Wl,-exported_symbols_list,conftest.sym conftest.c  >&5
configure:6402: $? = 0
configure:6412: result: yes
configure:6454: checking how to run the C preprocessor
configure:6485: gcc -E  conftest.c
configure:6485: $? = 0
configure:6499: gcc -E  conftest.c
conftest.c:11:28: error: ac_nonexistent.h: No such file or directory
configure:6499: $? = 1
configure: failed program was:
| /* confdefs.h */
| #define PACKAGE_NAME "libenet"
| #define PACKAGE_TARNAME "libenet"
| #define PACKAGE_VERSION "1.3.3"
| #define PACKAGE_STRING "libenet 1.3.3"
| #define PACKAGE_BUGREPORT ""
| #define PACKAGE_URL ""
| #define PACKAGE "libenet"
| #define VERSION "1.3.3"
| /* end confdefs.h.  */
| #include <ac_nonexistent.h>
configure:6524: result: gcc -E
configure:6544: gcc -E  conftest.c
configure:6544: $? = 0
configure:6558: gcc -E  conftest.c
conftest.c:11:28: error: ac_nonexistent.h: No such file or directory
configure:6558: $? = 1
configure: failed program was:
| /* confdefs.h */
| #define PACKAGE_NAME "libenet"
| #define PACKAGE_TARNAME "libenet"
| #define PACKAGE_VERSION "1.3.3"
| #define PACKAGE_STRING "libenet 1.3.3"
| #define PACKAGE_BUGREPORT ""
| #define PACKAGE_URL ""
| #define PACKAGE "libenet"
| #define VERSION "1.3.3"
| /* end confdefs.h.  */
| #include <ac_nonexistent.h>
configure:6587: checking for ANSI C header files
configure:6607: gcc -c -g -O2  conftest.c >&5
configure:6607: $? = 0
configure:6680: gcc -o conftest -g -O2   conftest.c  >&5
configure:6680: $? = 0
configure:6680: ./conftest
configure:6680: $? = 0
configure:6691: result: yes
configure:6704: checking for sys/types.h
configure:6704: gcc -c -g -O2  conftest.c >&5
configure:6704: $? = 0
configure:6704: result: yes
configure:6704: checking for sys/stat.h
configure:6704: gcc -c -g -O2  conftest.c >&5
configure:6704: $? = 0
configure:6704: result: yes
configure:6704: checking for stdlib.h
configure:6704: gcc -c -g -O2  conftest.c >&5
configure:6704: $? = 0
configure:6704: result: yes
configure:6704: checking for string.h
configure:6704: gcc -c -g -O2  conftest.c >&5
configure:6704: $? = 0
configure:6704: result: yes
configure:6704: checking for memory.h
configure:6704: gcc -c -g -O2  conftest.c >&5
configure:6704: $? = 0
configure:6704: result: yes
configure:6704: checking for strings.h
configure:6704: gcc -c -g -O2  conftest.c >&5
configure:6704: $? = 0
configure:6704: result: yes
configure:6704: checking for inttypes.h
configure:6704: gcc -c -g -O2  conftest.c >&5
configure:6704: $? = 0
configure:6704: result: yes
configure:6704: checking for stdint.h
configure:6704: gcc -c -g -O2  conftest.c >&5
configure:6704: $? = 0
configure:6704: result: yes
configure:6704: checking for unistd.h
configure:6704: gcc -c -g -O2  conftest.c >&5
configure:6704: $? = 0
configure:6704: result: yes
configure:6718: checking for dlfcn.h
configure:6718: gcc -c -g -O2  conftest.c >&5
configure:6718: $? = 0
configure:6718: result: yes
configure:6902: checking for objdir
configure:6917: result: .libs
configure:7213: checking if gcc supports -fno-rtti -fno-exceptions
configure:7231: gcc -c -g -O2  -fno-rtti -fno-exceptions conftest.c >&5
cc1: warning: command line option "-fno-rtti" is valid for C++/ObjC++ but not for C
configure:7235: $? = 0
configure:7248: result: no
configure:7268: checking for gcc option to produce PIC
configure:7540: result: -fno-common -DPIC
configure:7552: checking if gcc PIC flag -fno-common -DPIC works
configure:7570: gcc -c -g -O2  -fno-common -DPIC -DPIC conftest.c >&5
configure:7574: $? = 0
configure:7587: result: yes
configure:7611: checking if gcc static flag -static works
configure:7639: result: no
configure:7654: checking if gcc supports -c -o file.o
configure:7675: gcc -c -g -O2  -o out/conftest2.o conftest.c >&5
configure:7679: $? = 0
configure:7701: result: yes
configure:7709: checking if gcc supports -c -o file.o
configure:7756: result: yes
configure:7789: checking whether the gcc linker (/usr/libexec/gcc/i686-apple-darwin10/4.2.1/ld) supports shared libraries
configure:8780: result: yes
configure:9019: checking dynamic linker characteristics
configure:9682: result: darwin10.8.0 dyld
configure:9784: checking how to hardcode library paths into programs
configure:9809: result: immediate
configure:10329: checking whether stripping libraries is possible
configure:10343: result: yes
configure:10369: checking if libtool supports shared libraries
configure:10371: result: yes
configure:10374: checking whether to build shared libraries
configure:10395: result: yes
configure:10398: checking whether to build static libraries
configure:10402: result: yes
configure:10438: checking for gethostbyaddr_r
configure:10438: gcc -o conftest -g -O2   conftest.c  >&5
Undefined symbols for architecture x86_64:
  "_gethostbyaddr_r", referenced from:
      _main in ccQXfrBv.o
ld: symbol(s) not found for architecture x86_64
collect2: ld returned 1 exit status
configure:10438: $? = 1
configure: failed program was:
| /* confdefs.h */
| #define PACKAGE_NAME "libenet"
| #define PACKAGE_TARNAME "libenet"
| #define PACKAGE_VERSION "1.3.3"
| #define PACKAGE_STRING "libenet 1.3.3"
| #define PACKAGE_BUGREPORT ""
| #define PACKAGE_URL ""
| #define PACKAGE "libenet"
| #define VERSION "1.3.3"
| #define STDC_HEADERS 1
| #define HAVE_SYS_TYPES_H 1
| #define HAVE_SYS_STAT_H 1
| #define HAVE_STDLIB_H 1
| #define HAVE_STRING_H 1
| #define HAVE_MEMORY_H 1
| #define HAVE_STRINGS_H 1
| #define HAVE_INTTYPES_H 1
| #define HAVE_STDINT_H 1
| #define HAVE_UNISTD_H 1
| #define HAVE_DLFCN_H 1
| #define LT_OBJDIR ".libs/"
| /* end confdefs.h.  */
| /* Define gethostbyaddr_r to an innocuous variant, in case <limits.h> declares gethostbyaddr_r.
|    For example, HP-UX 11i <limits.h> declares gettimeofday.  */
| #define gethostbyaddr_r innocuous_gethostbyaddr_r
|
| /* System header to define __stub macros and hopefully few prototypes,
|     which can conflict with char gethostbyaddr_r (); below.
|     Prefer <limits.h> to <assert.h> if __STDC__ is defined, since
|     <limits.h> exists even on freestanding compilers.  */
|
| #ifdef __STDC__
| # include <limits.h>
| #else
| # include <assert.h>
| #endif
|
| #undef gethostbyaddr_r
|
| /* Override any GCC internal prototype to avoid an error.
|    Use char because int might match the return type of a GCC
|    builtin and then its argument prototype would still apply.  */
| #ifdef __cplusplus
| extern "C"
| #endif
| char gethostbyaddr_r ();
| /* The GNU C library defines this for functions which it implements
|     to always fail with ENOSYS.  Some functions are actually named
|     something starting with __ and the normal name is an alias.  */
| #if defined __stub_gethostbyaddr_r || defined __stub___gethostbyaddr_r
| choke me
| #endif
|
| int
| main ()
| {
| return gethostbyaddr_r ();
|   ;
|   return 0;
| }
configure:10438: result: no
configure:10444: checking for gethostbyname_r
configure:10444: gcc -o conftest -g -O2   conftest.c  >&5
Undefined symbols for architecture x86_64:
  "_gethostbyname_r", referenced from:
      _main in ccsks5Nv.o
ld: symbol(s) not found for architecture x86_64
collect2: ld returned 1 exit status
configure:10444: $? = 1
configure: failed program was:
| /* confdefs.h */
| #define PACKAGE_NAME "libenet"
| #define PACKAGE_TARNAME "libenet"
| #define PACKAGE_VERSION "1.3.3"
| #define PACKAGE_STRING "libenet 1.3.3"
| #define PACKAGE_BUGREPORT ""
| #define PACKAGE_URL ""
| #define PACKAGE "libenet"
| #define VERSION "1.3.3"
| #define STDC_HEADERS 1
| #define HAVE_SYS_TYPES_H 1
| #define HAVE_SYS_STAT_H 1
| #define HAVE_STDLIB_H 1
| #define HAVE_STRING_H 1
| #define HAVE_MEMORY_H 1
| #define HAVE_STRINGS_H 1
| #define HAVE_INTTYPES_H 1
| #define HAVE_STDINT_H 1
| #define HAVE_UNISTD_H 1
| #define HAVE_DLFCN_H 1
| #define LT_OBJDIR ".libs/"
| /* end confdefs.h.  */
| /* Define gethostbyname_r to an innocuous variant, in case <limits.h> declares gethostbyname_r.
|    For example, HP-UX 11i <limits.h> declares gettimeofday.  */
| #define gethostbyname_r innocuous_gethostbyname_r
|
| /* System header to define __stub macros and hopefully few prototypes,
|     which can conflict with char gethostbyname_r (); below.
|     Prefer <limits.h> to <assert.h> if __STDC__ is defined, since
|     <limits.h> exists even on freestanding compilers.  */
|
| #ifdef __STDC__
| # include <limits.h>
| #else
| # include <assert.h>
| #endif
|
| #undef gethostbyname_r
|
| /* Override any GCC internal prototype to avoid an error.
|    Use char because int might match the return type of a GCC
|    builtin and then its argument prototype would still apply.  */
| #ifdef __cplusplus
| extern "C"
| #endif
| char gethostbyname_r ();
| /* The GNU C library defines this for functions which it implements
|     to always fail with ENOSYS.  Some functions are actually named
|     something starting with __ and the normal name is an alias.  */
| #if defined __stub_gethostbyname_r || defined __stub___gethostbyname_r
| choke me
| #endif
|
| int
| main ()
| {
| return gethostbyname_r ();
|   ;
|   return 0;
| }
configure:10444: result: no
configure:10450: checking for poll
configure:10450: gcc -o conftest -g -O2   conftest.c  >&5
configure:10450: $? = 0
configure:10450: result: yes
configure:10456: checking for fcntl
configure:10456: gcc -o conftest -g -O2   conftest.c  >&5
configure:10456: $? = 0
configure:10456: result: yes
configure:10462: checking for inet_pton
configure:10462: gcc -o conftest -g -O2   conftest.c  >&5
configure:10462: $? = 0
configure:10462: result: yes
configure:10468: checking for inet_ntop
configure:10468: gcc -o conftest -g -O2   conftest.c  >&5
configure:10468: $? = 0
configure:10468: result: yes
configure:10475: checking for struct msghdr.msg_flags
configure:10475: gcc -c -g -O2  conftest.c >&5
configure:10475: $? = 0
configure:10475: result: yes
configure:10483: checking for socklen_t
configure:10483: gcc -c -g -O2  conftest.c >&5
configure:10483: $? = 0
configure:10483: gcc -c -g -O2  conftest.c >&5
conftest.c: In function 'main':
conftest.c:35: error: expected expression before ')' token
configure:10483: $? = 1
configure: failed program was:
| /* confdefs.h */
| #define PACKAGE_NAME "libenet"
| #define PACKAGE_TARNAME "libenet"
| #define PACKAGE_VERSION "1.3.3"
| #define PACKAGE_STRING "libenet 1.3.3"
| #define PACKAGE_BUGREPORT ""
| #define PACKAGE_URL ""
| #define PACKAGE "libenet"
| #define VERSION "1.3.3"
| #define STDC_HEADERS 1
| #define HAVE_SYS_TYPES_H 1
| #define HAVE_SYS_STAT_H 1
| #define HAVE_STDLIB_H 1
| #define HAVE_STRING_H 1
| #define HAVE_MEMORY_H 1
| #define HAVE_STRINGS_H 1
| #define HAVE_INTTYPES_H 1
| #define HAVE_STDINT_H 1
| #define HAVE_UNISTD_H 1
| #define HAVE_DLFCN_H 1
| #define LT_OBJDIR ".libs/"
| #define HAS_POLL 1
| #define HAS_FCNTL 1
| #define HAS_INET_PTON 1
| #define HAS_INET_NTOP 1
| #define HAS_MSGHDR_FLAGS 1
| /* end confdefs.h.  */
| #include <sys/types.h>
|               #include <sys/socket.h>
|
|
| int
| main ()
| {
| if (sizeof ((socklen_t)))
| 	    return 0;
|   ;
|   return 0;
| }
configure:10483: result: yes
conftest.c:29:20: error: socket.h: No such file or directory
configure:10675: creating ./config.status

## ---------------------- ##
## Running config.status. ##
## ---------------------- ##

This file was extended by libenet config.status 1.3.3, which was
generated by GNU Autoconf 2.67.  Invocation command line was

  CONFIG_FILES    =
  CONFIG_HEADERS  =
  CONFIG_LINKS    =
  CONFIG_COMMANDS =
  $ ./config.status

on CrabApple.local

config.status:989: creating Makefile
config.status:989: creating libenet.pc
config.status:1160: executing depfiles commands
config.status:1160: executing libtool commands

## ---------------- ##
## Cache variables. ##
## ---------------- ##

ac_cv_build=x86_64-apple-darwin10.8.0
ac_cv_c_compiler_gnu=yes
ac_cv_env_CC_set=
ac_cv_env_CC_value=
ac_cv_env_CFLAGS_set=
ac_cv_env_CFLAGS_value=
ac_cv_env_CPPFLAGS_set=
ac_cv_env_CPPFLAGS_value=
ac_cv_env_CPP_set=
ac_cv_env_CPP_value=
ac_cv_env_LDFLAGS_set=
ac_cv_env_LDFLAGS_value=
ac_cv_env_LIBS_set=
ac_cv_env_LIBS_value=
ac_cv_env_build_alias_set=
ac_cv_env_build_alias_value=
ac_cv_env_host_alias_set=
ac_cv_env_host_alias_value=
ac_cv_env_target_alias_set=
ac_cv_env_target_alias_value=
ac_cv_func_fcntl=yes
ac_cv_func_gethostbyaddr_r=no
ac_cv_func_gethostbyname_r=no
ac_cv_func_inet_ntop=yes
ac_cv_func_inet_pton=yes
ac_cv_func_poll=yes
ac_cv_header_dlfcn_h=yes
ac_cv_header_inttypes_h=yes
ac_cv_header_memory_h=yes
ac_cv_header_stdc=yes
ac_cv_header_stdint_h=yes
ac_cv_header_stdlib_h=yes
ac_cv_header_string_h=yes
ac_cv_header_strings_h=yes
ac_cv_header_sys_stat_h=yes
ac_cv_header_sys_types_h=yes
ac_cv_header_unistd_h=yes
ac_cv_host=x86_64-apple-darwin10.8.0
ac_cv_member_struct_msghdr_msg_flags=yes
ac_cv_objext=o
ac_cv_path_EGREP='/usr/bin/grep -E'
ac_cv_path_FGREP='/usr/bin/grep -F'
ac_cv_path_GREP=/usr/bin/grep
ac_cv_path_SED=/usr/bin/sed
ac_cv_path_install='/usr/bin/install -c'
ac_cv_prog_AWK=awk
ac_cv_prog_CPP='gcc -E'
ac_cv_prog_ac_ct_AR=ar
ac_cv_prog_ac_ct_CC=gcc
ac_cv_prog_ac_ct_DSYMUTIL=dsymutil
ac_cv_prog_ac_ct_LIPO=lipo
ac_cv_prog_ac_ct_NMEDIT=nmedit
ac_cv_prog_ac_ct_OTOOL=otool
ac_cv_prog_ac_ct_RANLIB=ranlib
ac_cv_prog_ac_ct_STRIP=strip
ac_cv_prog_cc_c89=
ac_cv_prog_cc_g=yes
ac_cv_prog_make_make_set=yes
ac_cv_type_socklen_t=yes
am_cv_CC_dependencies_compiler_type=gcc3
lt_cv_apple_cc_single_mod=yes
lt_cv_deplibs_check_method=pass_all
lt_cv_file_magic_cmd='$MAGIC_CMD'
lt_cv_file_magic_test_file=
lt_cv_ld_exported_symbols_list=yes
lt_cv_ld_reload_flag=-r
lt_cv_nm_interface='BSD nm'
lt_cv_objdir=.libs
lt_cv_path_LD=/usr/libexec/gcc/i686-apple-darwin10/4.2.1/ld
lt_cv_path_NM=/usr/bin/nm
lt_cv_prog_compiler_c_o=yes
lt_cv_prog_compiler_pic_works=yes
lt_cv_prog_compiler_rtti_exceptions=no
lt_cv_prog_compiler_static_works=no
lt_cv_prog_gnu_ld=no
lt_cv_sys_global_symbol_pipe='sed -n -e '\''s/^.*[	 ]\([BCDEGRST][BCDEGRST]*\)[	 ][	 ]*_\([_A-Za-z][_A-Za-z0-9]*\)$/\1 _\2 \2/p'\'''
lt_cv_sys_global_symbol_to_c_name_address='sed -n -e '\''s/^: \([^ ]*\) $/  {\"\1\", (void *) 0},/p'\'' -e '\''s/^[BCDEGRST]* \([^ ]*\) \([^ ]*\)$/  {"\2", (void *) \&\2},/p'\'''
lt_cv_sys_global_symbol_to_c_name_address_lib_prefix='sed -n -e '\''s/^: \([^ ]*\) $/  {\"\1\", (void *) 0},/p'\'' -e '\''s/^[BCDEGRST]* \([^ ]*\) \(lib[^ ]*\)$/  {"\2", (void *) \&\2},/p'\'' -e '\''s/^[BCDEGRST]* \([^ ]*\) \([^ ]*\)$/  {"lib\2", (void *) \&\2},/p'\'''
lt_cv_sys_global_symbol_to_cdecl='sed -n -e '\''s/^T .* \(.*\)$/extern int \1();/p'\'' -e '\''s/^[BCDEGRST]* .* \(.*\)$/extern char \1;/p'\'''
lt_cv_sys_max_cmd_len=196608

## ----------------- ##
## Output variables. ##
## ----------------- ##

ACLOCAL='${SHELL} /Users/mjard/workspace/ShmupEngine/lib/enet/missing --run aclocal-1.11'
AMDEPBACKSLASH='\'
AMDEP_FALSE='#'
AMDEP_TRUE=''
AMTAR='${SHELL} /Users/mjard/workspace/ShmupEngine/lib/enet/missing --run tar'
AR='ar'
AUTOCONF='${SHELL} /Users/mjard/workspace/ShmupEngine/lib/enet/missing --run autoconf'
AUTOHEADER='${SHELL} /Users/mjard/workspace/ShmupEngine/lib/enet/missing --run autoheader'
AUTOMAKE='${SHELL} /Users/mjard/workspace/ShmupEngine/lib/enet/missing --run automake-1.11'
AWK='awk'
CC='gcc'
CCDEPMODE='depmode=gcc3'
CFLAGS='-g -O2'
CPP='gcc -E'
CPPFLAGS=''
CYGPATH_W='echo'
DEFS='-DPACKAGE_NAME=\"libenet\" -DPACKAGE_TARNAME=\"libenet\" -DPACKAGE_VERSION=\"1.3.3\" -DPACKAGE_STRING=\"libenet\ 1.3.3\" -DPACKAGE_BUGREPORT=\"\" -DPACKAGE_URL=\"\" -DPACKAGE=\"libenet\" -DVERSION=\"1.3.3\" -DSTDC_HEADERS=1 -DHAVE_SYS_TYPES_H=1 -DHAVE_SYS_STAT_H=1 -DHAVE_STDLIB_H=1 -DHAVE_STRING_H=1 -DHAVE_MEMORY_H=1 -DHAVE_STRINGS_H=1 -DHAVE_INTTYPES_H=1 -DHAVE_STDINT_H=1 -DHAVE_UNISTD_H=1 -DHAVE_DLFCN_H=1 -DLT_OBJDIR=\".libs/\" -DHAS_POLL=1 -DHAS_FCNTL=1 -DHAS_INET_PTON=1 -DHAS_INET_NTOP=1 -DHAS_MSGHDR_FLAGS=1 -DHAS_SOCKLEN_T=1'
DEPDIR='.deps'
DSYMUTIL='dsymutil'
DUMPBIN=''
ECHO_C='\c'
ECHO_N=''
ECHO_T=''
EGREP='/usr/bin/grep -E'
EXEEXT=''
FGREP='/usr/bin/grep -F'
GREP='/usr/bin/grep'
INSTALL_DATA='${INSTALL} -m 644'
INSTALL_PROGRAM='${INSTALL}'
INSTALL_SCRIPT='${INSTALL}'
INSTALL_STRIP_PROGRAM='$(install_sh) -c -s'
LD='/usr/libexec/gcc/i686-apple-darwin10/4.2.1/ld'
LDFLAGS=''
LIBOBJS=''
LIBS=''
LIBTOOL='$(SHELL) $(top_builddir)/libtool'
LIPO='lipo'
LN_S='ln -s'
LTLIBOBJS=''
MAKEINFO='${SHELL} /Users/mjard/workspace/ShmupEngine/lib/enet/missing --run makeinfo'
MKDIR_P='./install-sh -c -d'
NM='/usr/bin/nm'
NMEDIT='nmedit'
OBJDUMP='false'
OBJEXT='o'
OTOOL64=':'
OTOOL='otool'
PACKAGE='libenet'
PACKAGE_BUGREPORT=''
PACKAGE_NAME='libenet'
PACKAGE_STRING='libenet 1.3.3'
PACKAGE_TARNAME='libenet'
PACKAGE_URL=''
PACKAGE_VERSION='1.3.3'
PATH_SEPARATOR=':'
RANLIB='ranlib'
SED='/usr/bin/sed'
SET_MAKE=''
SHELL='/bin/sh'
STRIP='strip'
VERSION='1.3.3'
ac_ct_CC='gcc'
ac_ct_DUMPBIN=''
am__EXEEXT_FALSE=''
am__EXEEXT_TRUE='#'
am__fastdepCC_FALSE='#'
am__fastdepCC_TRUE=''
am__include='include'
am__isrc=''
am__leading_dot='.'
am__quote=''
am__tar='${AMTAR} chof - "$$tardir"'
am__untar='${AMTAR} xf -'
bindir='${exec_prefix}/bin'
build='x86_64-apple-darwin10.8.0'
build_alias=''
build_cpu='x86_64'
build_os='darwin10.8.0'
build_vendor='apple'
datadir='${datarootdir}'
datarootdir='${prefix}/share'
docdir='${datarootdir}/doc/${PACKAGE_TARNAME}'
dvidir='${docdir}'
exec_prefix='${prefix}'
host='x86_64-apple-darwin10.8.0'
host_alias=''
host_cpu='x86_64'
host_os='darwin10.8.0'
host_vendor='apple'
htmldir='${docdir}'
includedir='${prefix}/include'
infodir='${datarootdir}/info'
install_sh='${SHELL} /Users/mjard/workspace/ShmupEngine/lib/enet/install-sh'
libdir='${exec_prefix}/lib'
libexecdir='${exec_prefix}/libexec'
localedir='${datarootdir}/locale'
localstatedir='${prefix}/var'
lt_ECHO='/bin/echo'
mandir='${datarootdir}/man'
mkdir_p='$(top_builddir)/./install-sh -c -d'
oldincludedir='/usr/include'
pdfdir='${docdir}'
prefix='/usr/local'
program_transform_name='s,x,x,'
psdir='${docdir}'
sbindir='${exec_prefix}/sbin'
sharedstatedir='${prefix}/com'
sysconfdir='${prefix}/etc'
target_alias=''

## ----------- ##
## confdefs.h. ##
## ----------- ##

/* confdefs.h */
#define PACKAGE_NAME "libenet"
#define PACKAGE_TARNAME "libenet"
#define PACKAGE_VERSION "1.3.3"
#define PACKAGE_STRING "libenet 1.3.3"
#define PACKAGE_BUGREPORT ""
#define PACKAGE_URL ""
#define PACKAGE "libenet"
#define VERSION "1.3.3"
#define STDC_HEADERS 1
#define HAVE_SYS_TYPES_H 1
#define HAVE_SYS_STAT_H 1
#define HAVE_STDLIB_H 1
#define HAVE_STRING_H 1
#define HAVE_MEMORY_H 1
#define HAVE_STRINGS_H 1
#define HAVE_INTTYPES_H 1
#define HAVE_STDINT_H 1
#define HAVE_UNISTD_H 1
#define HAVE_DLFCN_H 1
#define LT_OBJDIR ".libs/"
#define HAS_POLL 1
#define HAS_FCNTL 1
#define HAS_INET_PTON 1
#define HAS_INET_NTOP 1
#define HAS_MSGHDR_FLAGS 1
#define HAS_SOCKLEN_T 1

configure: exit 0
